
<!DOCTYPE html>
<html>


<head>
	<meta charset='utf-8' /> 
	<meta name='description' content='' />
	<meta name='robots' content='noodp, noydir' />
	<meta name='viewport' content='width=device-width, initial-scale=1' />
	<meta id="timeStampFormat" name="timeStampFormat" content='MMM d, yyyy hh:mm:ss a'/>
	
	<link href='https://fonts.googleapis.com/css?family=Source+Sans+Pro:400,600' rel='stylesheet' type='text/css'>
	<link href="https://fonts.googleapis.com/icon?family=Material+Icons" rel="stylesheet">

		<link href='https://cdn.rawgit.com/anshooarora/extentreports-java/b4a58fcfd1e137bd9287244035a7c80d3d73b3af/dist/css/extent.css' type='text/css' rel='stylesheet' />
	
	<title>ExtentReports</title>

	<style type='text/css'>
	</style>
</head>

	<body class='extent standard default hide-overflow bdd-report'>
		<div id='theme-selector' alt='Click to toggle theme. To enable by default, use theme configuration.' title='Click to toggle theme. To enable by default, use theme configuration.'>
			<span><i class='material-icons'>desktop_windows</i></span>
		</div>

<nav>
	<div class="nav-wrapper">
		<a href="#!" class="brand-logo blue darken-3">Extent</a>

		<!-- slideout menu -->
		<ul id='slide-out' class='side-nav fixed hide-on-med-and-down'>
			<li class='waves-effect active'><a href='#!' view='test-view' onclick="configureView(0);chartsView('test');"><i class='material-icons'>dashboard</i></a></li>
						<li class='waves-effect'><a href='#!' view='category-view' onclick="configureView(1)"><i class='material-icons'>label_outline</i></a></li>
			<li class='waves-effect'><a href='#!' view='exception-view' onclick="configureView(2)"><i class='material-icons'>bug_report</i></a></li>
			<li class='waves-effect'><a href='#!' onclick="configureView(-1);chartsView('dashboard');" view='dashboard-view'><i class='material-icons'>track_changes</i></i></a></li>
		</ul>

		<!-- report name -->
		<span class='report-name'>ExtentReports</span>
		
		<!-- report headline -->
		<span class='report-headline'></span>

		<!-- nav-right -->
		<ul id='nav-mobile' class='right hide-on-med-and-down nav-right'>
			<li>
                <a href='#!'>
                    <span class='label suite-start-time blue darken-3'>Jun 1, 2021 09:20:03 AM</span>
				</a>
			</li>
			<li>
                <a href='#!'>
                    <span class='label blue darken-3'>3.1.2</span>
				</a>
			</li>
		</ul>
	</div>
</nav>

		<!-- container -->
		<div class='container'>

<div id='test-view' class='view'>
				
	<section id='controls'>
		<div class='controls grey lighten-4'>
			<!-- test toggle -->
			<div class='chip transparent'>
				<a class='dropdown-button tests-toggle' data-activates='tests-toggle' data-constrainwidth='true' data-beloworigin='true' data-hover='true' href='#'>
					<i class='material-icons'>warning</i> Status
				</a>
				<ul id='tests-toggle' class='dropdown-content'>
											<li status='pass'><a href='#!'>Pass <i class='material-icons green-text'>check_circle</i></a></li>
						<li status='fail'><a href='#!'>Fail <i class='material-icons red-text'>cancel</i></a></li>
						<li status='skip'><a href='#!'>Skip <i class='material-icons cyan-text'>redo</i></a></li>
					<li class='divider'></li>
					<li status='clear' clear='true'><a href='#!'>Clear Filters <i class='material-icons'>clear</i></a></li>
				</ul>
			</div>
			<!-- test toggle -->

			<!-- category toggle -->
			<div class='chip transparent'>
				<a class='dropdown-button category-toggle' data-activates='category-toggle' data-constrainwidth='false' data-beloworigin='true' data-hover='true' href='#'>
					<i class='material-icons'>local_offer</i> Category
				</a>
				<ul id='category-toggle' class='dropdown-content'>
					<li><a href='#'>@LoginPage</a></li>
					<li><a href='#'>@InvalidData</a></li>
					<li class='divider'></li>
					<li class='clear'><a href='#!' clear='true'>Clear Filters</a></li>
				</ul>
			</div>
			<!-- category toggle -->

			<!-- clear filters -->
			<div class='chip transparent hide'>
				<a class='' id='clear-filters' alt='Clear Filters' title='Clear Filters'>
					<i class='material-icons'>close</i> Clear
				</a>
			</div>
			<!-- clear filters -->

			<!-- enable dashboard -->
			<div id='toggle-test-view-charts' class='chip transparent'>
				<a class='pink-text' id='enable-dashboard' alt='Enable Dashboard' title='Enable Dashboard'>
					<i class='material-icons'>track_changes</i> Dashboard
				</a>
			</div>
			<!-- enable dashboard -->

			<!-- search -->
			<div class='chip transparent' alt='Search Tests' title='Search Tests'>
				<a href="#" class='search-div'>
					<i class='material-icons'>search</i> Search
				</a>

				<div class='input-field left hide'>
					<input id='search-tests' type='text' class='validate browser-default' placeholder='Search Tests...'>
				</div>
				
			</div>
			<!-- search -->
		</div>
	</section>


<div id='test-view-charts' class='subview-full'>
	<div id='charts-row' class='row nm-v nm-h'>
		<div class='col s12 m4 l4 np-h'>
			<div class='card-panel nm-v'>
				<div class='left panel-name'>Features</div>
				<div class='chart-box'>
					<canvas id='parent-analysis' width='100' height='80'></canvas>
				</div>
				<div class='block text-small'>
					<span class='tooltipped' data-position='top' data-tooltip='0%'><span class='strong'>0</span> feature(s) passed</span>
				</div>
				<div class='block text-small'>
					<span class='strong tooltipped' data-position='top' data-tooltip='100%'>1</span> feature(s) failed, <span class='strong tooltipped' data-position='top' data-tooltip='0%'>0</span> others
				</div>
			</div>
		</div>
		
		<div class='col s12 m4 l4 np-h'>
			<div class='card-panel nm-v'>
				<div class='left panel-name'>Scenarios</div>
				<div class='chart-box'>
					<canvas id='child-analysis' width='100' height='80'></canvas>
				</div>
				<div class='block text-small'>
					<span class='tooltipped' data-position='top' data-tooltip='0%'><span class='strong'>0</span> scenario(s) passed</span>
				</div>
				<div class='block text-small'>
					<span class='strong tooltipped' data-position='top' data-tooltip='100%'>6</span> scenario(s) failed, <span class='strong tooltipped' data-position='top' data-tooltip='0%'>0</span> others
				</div>
			</div>
		</div>
		
		<div class='col s12 m4 l4 np-h'>
			<div class='card-panel nm-v'>
				<div class='left panel-name'>Steps</div>
				<div class='chart-box'>
					<canvas id='grandchild-analysis' width='100' height='80'></canvas>
				</div>
				<div class='block text-small'>
					<span class='tooltipped' data-position='top' data-tooltip='0%'><span class='strong'>0</span> step(s) passed</span>
				</div>
				<div class='block text-small'>
					<span class='strong tooltipped' data-position='top' data-tooltip='14.286%'>6</span> step(s) failed, <span class='strong tooltipped' data-position='top' data-tooltip='85.714%'>36</span> others
				</div>
			</div>
		</div>
	</div>
</div>

	<div class='subview-left left'>
		
		<div class='view-summary'>
			<h5>Features</h5>
			<ul id='test-collection' class='test-collection'>
				
				
				<li class='test displayed active has-leaf fail' status='fail' bdd='true' test-id='1'>
					<div class='test-heading'>
						<span class='test-name'>To validate the queue codes login page</span>
						<span class='test-time'>Jun 1, 2021 09:20:03 AM</span>
						<span class='test-status right fail'>fail</span>
					</div>
					<div class='test-content hide'>
<div class='scenariooutline node' test-id='2' status='fail'>
	<span class='duration right label'>0h 0m 15s+481ms</span>
	<div class='desc'>
		<b>ScenarioOutline</b>
		<span class="desc-text">Validate error meaages for email & password with invalid credentials</span>
	</div>
	<ul class='steps'>
		<li test-id='3' class='node scenario fail' status='fail'>
			<div class='category-list'>
				<span class='category label white-text'>@LoginPage</span>
				<span class='category label white-text'>@InvalidData</span>
			</div>
			
			<b>Scenario</b>
			
			<span class="bdd-step-name">Validate error meaages for email & password with invalid credentials</span>
			
				<ul class='steps'>
					<li test-id='4' class='node given fail' status='fail'><b>Given</b>
						<span class="bdd-step-name">Given Setup browser and launch login page</span>
							<div class='pre'><textarea>org.openqa.selenium.SessionNotCreatedException: session not created: This version of ChromeDriver only supports Chrome version 85
Build info: version: '3.7.1', revision: '8a0099a', time: '2017-11-06T21:01:39.354Z'
System info: host: 'TANAJI-PC', ip: '192.168.225.25', os.name: 'Windows 7', os.arch: 'x86', os.version: '6.1', java.version: '1.8.0_45'
Driver info: driver.version: ChromeDriver
remote stacktrace: Backtrace:
	Ordinal0 [0x00F5D383+3134339]
	Ordinal0 [0x00E4A171+2007409]
	Ordinal0 [0x00CEAEE8+569064]
	Ordinal0 [0x00C7139F+70559]
	Ordinal0 [0x00C6CC63+52323]
	Ordinal0 [0x00C90DFC+200188]
	Ordinal0 [0x00C90C1D+199709]
	Ordinal0 [0x00C8EB0B+191243]
	Ordinal0 [0x00C72E77+77431]
	Ordinal0 [0x00C73E3E+81470]
	Ordinal0 [0x00C73DC9+81353]
	Ordinal0 [0x00E60CD9+2100441]
	GetHandleVerifier [0x010CB75A+1396954]
	GetHandleVerifier [0x010CB3D9+1396057]
	GetHandleVerifier [0x010D7126+1444518]
	GetHandleVerifier [0x010CBCE8+1398376]
	Ordinal0 [0x00E57F51+2064209]
	Ordinal0 [0x00E622EB+2106091]
	Ordinal0 [0x00E62411+2106385]
	Ordinal0 [0x00E749C4+2181572]
	BaseThreadInitThunk [0x75DCEF1C+18]
	RtlInitializeExceptionChain [0x777B3B53+239]
	RtlInitializeExceptionChain [0x777B3B26+194]

	at sun.reflect.NativeConstructorAccessorImpl.newInstance0(Native Method)
	at sun.reflect.NativeConstructorAccessorImpl.newInstance(Unknown Source)
	at sun.reflect.DelegatingConstructorAccessorImpl.newInstance(Unknown Source)
	at java.lang.reflect.Constructor.newInstance(Unknown Source)
	at org.openqa.selenium.remote.W3CHandshakeResponse.lambda$new$0(W3CHandshakeResponse.java:57)
	at org.openqa.selenium.remote.W3CHandshakeResponse$$Lambda$133/6788197.apply(Unknown Source)
	at org.openqa.selenium.remote.W3CHandshakeResponse.lambda$getResponseFunction$2(W3CHandshakeResponse.java:104)
	at org.openqa.selenium.remote.W3CHandshakeResponse$$Lambda$135/24182895.apply(Unknown Source)
	at org.openqa.selenium.remote.ProtocolHandshake.lambda$createSession$0(ProtocolHandshake.java:123)
	at org.openqa.selenium.remote.ProtocolHandshake$$Lambda$136/32661611.apply(Unknown Source)
	at java.util.stream.ReferencePipeline$3$1.accept(Unknown Source)
	at java.util.Spliterators$ArraySpliterator.tryAdvance(Unknown Source)
	at java.util.stream.ReferencePipeline.forEachWithCancel(Unknown Source)
	at java.util.stream.AbstractPipeline.copyIntoWithCancel(Unknown Source)
	at java.util.stream.AbstractPipeline.copyInto(Unknown Source)
	at java.util.stream.AbstractPipeline.wrapAndCopyInto(Unknown Source)
	at java.util.stream.FindOps$FindOp.evaluateSequential(Unknown Source)
	at java.util.stream.AbstractPipeline.evaluate(Unknown Source)
	at java.util.stream.ReferencePipeline.findFirst(Unknown Source)
	at org.openqa.selenium.remote.ProtocolHandshake.createSession(ProtocolHandshake.java:126)
	at org.openqa.selenium.remote.ProtocolHandshake.createSession(ProtocolHandshake.java:73)
	at org.openqa.selenium.remote.HttpCommandExecutor.execute(HttpCommandExecutor.java:142)
	at org.openqa.selenium.remote.service.DriverCommandExecutor.execute(DriverCommandExecutor.java:83)
	at org.openqa.selenium.remote.RemoteWebDriver.execute(RemoteWebDriver.java:600)
	at org.openqa.selenium.remote.RemoteWebDriver.startSession(RemoteWebDriver.java:219)
	at org.openqa.selenium.remote.RemoteWebDriver.<init>(RemoteWebDriver.java:142)
	at org.openqa.selenium.chrome.ChromeDriver.<init>(ChromeDriver.java:181)
	at org.openqa.selenium.chrome.ChromeDriver.<init>(ChromeDriver.java:168)
	at org.openqa.selenium.chrome.ChromeDriver.<init>(ChromeDriver.java:123)
	at com.qc.steps.LoginDefinition.setup_browser_and_launch_login_page(LoginDefinition.java:25)
	at ✽.Given Setup browser and launch login page(com/qc/feature/Login.feature:15)
</textarea></div>
					</li>
					<li test-id='5' class='node and skip' status='skip'><b>And</b>
						<span class="bdd-step-name">And Enter valid username ""</span>
							<div class='pre'>skipped</div>
					</li>
					<li test-id='6' class='node and skip' status='skip'><b>And</b>
						<span class="bdd-step-name">And Enter valid password ""</span>
							<div class='pre'>skipped</div>
					</li>
					<li test-id='7' class='node when skip' status='skip'><b>When</b>
						<span class="bdd-step-name">When Click on signIn button</span>
							<div class='pre'>skipped</div>
					</li>
					<li test-id='8' class='node then skip' status='skip'><b>Then</b>
						<span class="bdd-step-name">Then User should be on login page "Queue Codes | Log in"</span>
							<div class='pre'>skipped</div>
					</li>
					<li test-id='9' class='node and skip' status='skip'><b>And</b>
						<span class="bdd-step-name">And Validate emailError as "Please enter email." and passwordError "Please enter password."</span>
							<div class='pre'>skipped</div>
					</li>
					<li test-id='10' class='node and skip' status='skip'><b>And</b>
						<span class="bdd-step-name">And Browser should be close</span>
							<div class='pre'>skipped</div>
					</li>
				</ul>
		</li>
		<li test-id='11' class='node scenario fail' status='fail'>
			<div class='category-list'>
				<span class='category label white-text'>@LoginPage</span>
				<span class='category label white-text'>@InvalidData</span>
			</div>
			
			<b>Scenario</b>
			
			<span class="bdd-step-name">Validate error meaages for email & password with invalid credentials</span>
			
				<ul class='steps'>
					<li test-id='12' class='node given fail' status='fail'><b>Given</b>
						<span class="bdd-step-name">Given Setup browser and launch login page</span>
							<div class='pre'><textarea>org.openqa.selenium.SessionNotCreatedException: session not created: This version of ChromeDriver only supports Chrome version 85
Build info: version: '3.7.1', revision: '8a0099a', time: '2017-11-06T21:01:39.354Z'
System info: host: 'TANAJI-PC', ip: '192.168.225.25', os.name: 'Windows 7', os.arch: 'x86', os.version: '6.1', java.version: '1.8.0_45'
Driver info: driver.version: ChromeDriver
remote stacktrace: Backtrace:
	Ordinal0 [0x00F5D383+3134339]
	Ordinal0 [0x00E4A171+2007409]
	Ordinal0 [0x00CEAEE8+569064]
	Ordinal0 [0x00C7139F+70559]
	Ordinal0 [0x00C6CC63+52323]
	Ordinal0 [0x00C90DFC+200188]
	Ordinal0 [0x00C90C1D+199709]
	Ordinal0 [0x00C8EB0B+191243]
	Ordinal0 [0x00C72E77+77431]
	Ordinal0 [0x00C73E3E+81470]
	Ordinal0 [0x00C73DC9+81353]
	Ordinal0 [0x00E60CD9+2100441]
	GetHandleVerifier [0x010CB75A+1396954]
	GetHandleVerifier [0x010CB3D9+1396057]
	GetHandleVerifier [0x010D7126+1444518]
	GetHandleVerifier [0x010CBCE8+1398376]
	Ordinal0 [0x00E57F51+2064209]
	Ordinal0 [0x00E622EB+2106091]
	Ordinal0 [0x00E62411+2106385]
	Ordinal0 [0x00E749C4+2181572]
	BaseThreadInitThunk [0x75DCEF1C+18]
	RtlInitializeExceptionChain [0x777B3B53+239]
	RtlInitializeExceptionChain [0x777B3B26+194]

	at sun.reflect.NativeConstructorAccessorImpl.newInstance0(Native Method)
	at sun.reflect.NativeConstructorAccessorImpl.newInstance(Unknown Source)
	at sun.reflect.DelegatingConstructorAccessorImpl.newInstance(Unknown Source)
	at java.lang.reflect.Constructor.newInstance(Unknown Source)
	at org.openqa.selenium.remote.W3CHandshakeResponse.lambda$new$0(W3CHandshakeResponse.java:57)
	at org.openqa.selenium.remote.W3CHandshakeResponse$$Lambda$133/6788197.apply(Unknown Source)
	at org.openqa.selenium.remote.W3CHandshakeResponse.lambda$getResponseFunction$2(W3CHandshakeResponse.java:104)
	at org.openqa.selenium.remote.W3CHandshakeResponse$$Lambda$135/24182895.apply(Unknown Source)
	at org.openqa.selenium.remote.ProtocolHandshake.lambda$createSession$0(ProtocolHandshake.java:123)
	at org.openqa.selenium.remote.ProtocolHandshake$$Lambda$136/32661611.apply(Unknown Source)
	at java.util.stream.ReferencePipeline$3$1.accept(Unknown Source)
	at java.util.Spliterators$ArraySpliterator.tryAdvance(Unknown Source)
	at java.util.stream.ReferencePipeline.forEachWithCancel(Unknown Source)
	at java.util.stream.AbstractPipeline.copyIntoWithCancel(Unknown Source)
	at java.util.stream.AbstractPipeline.copyInto(Unknown Source)
	at java.util.stream.AbstractPipeline.wrapAndCopyInto(Unknown Source)
	at java.util.stream.FindOps$FindOp.evaluateSequential(Unknown Source)
	at java.util.stream.AbstractPipeline.evaluate(Unknown Source)
	at java.util.stream.ReferencePipeline.findFirst(Unknown Source)
	at org.openqa.selenium.remote.ProtocolHandshake.createSession(ProtocolHandshake.java:126)
	at org.openqa.selenium.remote.ProtocolHandshake.createSession(ProtocolHandshake.java:73)
	at org.openqa.selenium.remote.HttpCommandExecutor.execute(HttpCommandExecutor.java:142)
	at org.openqa.selenium.remote.service.DriverCommandExecutor.execute(DriverCommandExecutor.java:83)
	at org.openqa.selenium.remote.RemoteWebDriver.execute(RemoteWebDriver.java:600)
	at org.openqa.selenium.remote.RemoteWebDriver.startSession(RemoteWebDriver.java:219)
	at org.openqa.selenium.remote.RemoteWebDriver.<init>(RemoteWebDriver.java:142)
	at org.openqa.selenium.chrome.ChromeDriver.<init>(ChromeDriver.java:181)
	at org.openqa.selenium.chrome.ChromeDriver.<init>(ChromeDriver.java:168)
	at org.openqa.selenium.chrome.ChromeDriver.<init>(ChromeDriver.java:123)
	at com.qc.steps.LoginDefinition.setup_browser_and_launch_login_page(LoginDefinition.java:25)
	at ✽.Given Setup browser and launch login page(com/qc/feature/Login.feature:15)
</textarea></div>
					</li>
					<li test-id='13' class='node and skip' status='skip'><b>And</b>
						<span class="bdd-step-name">And Enter valid username "queuecodes@g"</span>
							<div class='pre'>skipped</div>
					</li>
					<li test-id='14' class='node and skip' status='skip'><b>And</b>
						<span class="bdd-step-name">And Enter valid password "123344"</span>
							<div class='pre'>skipped</div>
					</li>
					<li test-id='15' class='node when skip' status='skip'><b>When</b>
						<span class="bdd-step-name">When Click on signIn button</span>
							<div class='pre'>skipped</div>
					</li>
					<li test-id='16' class='node then skip' status='skip'><b>Then</b>
						<span class="bdd-step-name">Then User should be on login page "Queue Codes | Log in"</span>
							<div class='pre'>skipped</div>
					</li>
					<li test-id='17' class='node and skip' status='skip'><b>And</b>
						<span class="bdd-step-name">And Validate emailError as "Please enter email as queuecodes@gmail.com" and passwordError "Please enter password 123456"</span>
							<div class='pre'>skipped</div>
					</li>
					<li test-id='18' class='node and skip' status='skip'><b>And</b>
						<span class="bdd-step-name">And Browser should be close</span>
							<div class='pre'>skipped</div>
					</li>
				</ul>
		</li>
		<li test-id='19' class='node scenario fail' status='fail'>
			<div class='category-list'>
				<span class='category label white-text'>@LoginPage</span>
				<span class='category label white-text'>@InvalidData</span>
			</div>
			
			<b>Scenario</b>
			
			<span class="bdd-step-name">Validate error meaages for email & password with invalid credentials</span>
			
				<ul class='steps'>
					<li test-id='20' class='node given fail' status='fail'><b>Given</b>
						<span class="bdd-step-name">Given Setup browser and launch login page</span>
							<div class='pre'><textarea>org.openqa.selenium.SessionNotCreatedException: session not created: This version of ChromeDriver only supports Chrome version 85
Build info: version: '3.7.1', revision: '8a0099a', time: '2017-11-06T21:01:39.354Z'
System info: host: 'TANAJI-PC', ip: '192.168.225.25', os.name: 'Windows 7', os.arch: 'x86', os.version: '6.1', java.version: '1.8.0_45'
Driver info: driver.version: ChromeDriver
remote stacktrace: Backtrace:
	Ordinal0 [0x00F5D383+3134339]
	Ordinal0 [0x00E4A171+2007409]
	Ordinal0 [0x00CEAEE8+569064]
	Ordinal0 [0x00C7139F+70559]
	Ordinal0 [0x00C6CC63+52323]
	Ordinal0 [0x00C90DFC+200188]
	Ordinal0 [0x00C90C1D+199709]
	Ordinal0 [0x00C8EB0B+191243]
	Ordinal0 [0x00C72E77+77431]
	Ordinal0 [0x00C73E3E+81470]
	Ordinal0 [0x00C73DC9+81353]
	Ordinal0 [0x00E60CD9+2100441]
	GetHandleVerifier [0x010CB75A+1396954]
	GetHandleVerifier [0x010CB3D9+1396057]
	GetHandleVerifier [0x010D7126+1444518]
	GetHandleVerifier [0x010CBCE8+1398376]
	Ordinal0 [0x00E57F51+2064209]
	Ordinal0 [0x00E622EB+2106091]
	Ordinal0 [0x00E62411+2106385]
	Ordinal0 [0x00E749C4+2181572]
	BaseThreadInitThunk [0x75DCEF1C+18]
	RtlInitializeExceptionChain [0x777B3B53+239]
	RtlInitializeExceptionChain [0x777B3B26+194]

	at sun.reflect.NativeConstructorAccessorImpl.newInstance0(Native Method)
	at sun.reflect.NativeConstructorAccessorImpl.newInstance(Unknown Source)
	at sun.reflect.DelegatingConstructorAccessorImpl.newInstance(Unknown Source)
	at java.lang.reflect.Constructor.newInstance(Unknown Source)
	at org.openqa.selenium.remote.W3CHandshakeResponse.lambda$new$0(W3CHandshakeResponse.java:57)
	at org.openqa.selenium.remote.W3CHandshakeResponse$$Lambda$133/6788197.apply(Unknown Source)
	at org.openqa.selenium.remote.W3CHandshakeResponse.lambda$getResponseFunction$2(W3CHandshakeResponse.java:104)
	at org.openqa.selenium.remote.W3CHandshakeResponse$$Lambda$135/24182895.apply(Unknown Source)
	at org.openqa.selenium.remote.ProtocolHandshake.lambda$createSession$0(ProtocolHandshake.java:123)
	at org.openqa.selenium.remote.ProtocolHandshake$$Lambda$136/32661611.apply(Unknown Source)
	at java.util.stream.ReferencePipeline$3$1.accept(Unknown Source)
	at java.util.Spliterators$ArraySpliterator.tryAdvance(Unknown Source)
	at java.util.stream.ReferencePipeline.forEachWithCancel(Unknown Source)
	at java.util.stream.AbstractPipeline.copyIntoWithCancel(Unknown Source)
	at java.util.stream.AbstractPipeline.copyInto(Unknown Source)
	at java.util.stream.AbstractPipeline.wrapAndCopyInto(Unknown Source)
	at java.util.stream.FindOps$FindOp.evaluateSequential(Unknown Source)
	at java.util.stream.AbstractPipeline.evaluate(Unknown Source)
	at java.util.stream.ReferencePipeline.findFirst(Unknown Source)
	at org.openqa.selenium.remote.ProtocolHandshake.createSession(ProtocolHandshake.java:126)
	at org.openqa.selenium.remote.ProtocolHandshake.createSession(ProtocolHandshake.java:73)
	at org.openqa.selenium.remote.HttpCommandExecutor.execute(HttpCommandExecutor.java:142)
	at org.openqa.selenium.remote.service.DriverCommandExecutor.execute(DriverCommandExecutor.java:83)
	at org.openqa.selenium.remote.RemoteWebDriver.execute(RemoteWebDriver.java:600)
	at org.openqa.selenium.remote.RemoteWebDriver.startSession(RemoteWebDriver.java:219)
	at org.openqa.selenium.remote.RemoteWebDriver.<init>(RemoteWebDriver.java:142)
	at org.openqa.selenium.chrome.ChromeDriver.<init>(ChromeDriver.java:181)
	at org.openqa.selenium.chrome.ChromeDriver.<init>(ChromeDriver.java:168)
	at org.openqa.selenium.chrome.ChromeDriver.<init>(ChromeDriver.java:123)
	at com.qc.steps.LoginDefinition.setup_browser_and_launch_login_page(LoginDefinition.java:25)
	at ✽.Given Setup browser and launch login page(com/qc/feature/Login.feature:15)
</textarea></div>
					</li>
					<li test-id='21' class='node and skip' status='skip'><b>And</b>
						<span class="bdd-step-name">And Enter valid username "queuecodes@gmail.com"</span>
							<div class='pre'>skipped</div>
					</li>
					<li test-id='22' class='node and skip' status='skip'><b>And</b>
						<span class="bdd-step-name">And Enter valid password "122346"</span>
							<div class='pre'>skipped</div>
					</li>
					<li test-id='23' class='node when skip' status='skip'><b>When</b>
						<span class="bdd-step-name">When Click on signIn button</span>
							<div class='pre'>skipped</div>
					</li>
					<li test-id='24' class='node then skip' status='skip'><b>Then</b>
						<span class="bdd-step-name">Then User should be on login page "Queue Codes | Log in"</span>
							<div class='pre'>skipped</div>
					</li>
					<li test-id='25' class='node and skip' status='skip'><b>And</b>
						<span class="bdd-step-name">And Validate emailError as "" and passwordError "Please enter password 123456"</span>
							<div class='pre'>skipped</div>
					</li>
					<li test-id='26' class='node and skip' status='skip'><b>And</b>
						<span class="bdd-step-name">And Browser should be close</span>
							<div class='pre'>skipped</div>
					</li>
				</ul>
		</li>
		<li test-id='27' class='node scenario fail' status='fail'>
			<div class='category-list'>
				<span class='category label white-text'>@LoginPage</span>
				<span class='category label white-text'>@InvalidData</span>
			</div>
			
			<b>Scenario</b>
			
			<span class="bdd-step-name">Validate error meaages for email & password with invalid credentials</span>
			
				<ul class='steps'>
					<li test-id='28' class='node given fail' status='fail'><b>Given</b>
						<span class="bdd-step-name">Given Setup browser and launch login page</span>
							<div class='pre'><textarea>org.openqa.selenium.SessionNotCreatedException: session not created: This version of ChromeDriver only supports Chrome version 85
Build info: version: '3.7.1', revision: '8a0099a', time: '2017-11-06T21:01:39.354Z'
System info: host: 'TANAJI-PC', ip: '192.168.225.25', os.name: 'Windows 7', os.arch: 'x86', os.version: '6.1', java.version: '1.8.0_45'
Driver info: driver.version: ChromeDriver
remote stacktrace: Backtrace:
	Ordinal0 [0x00F5D383+3134339]
	Ordinal0 [0x00E4A171+2007409]
	Ordinal0 [0x00CEAEE8+569064]
	Ordinal0 [0x00C7139F+70559]
	Ordinal0 [0x00C6CC63+52323]
	Ordinal0 [0x00C90DFC+200188]
	Ordinal0 [0x00C90C1D+199709]
	Ordinal0 [0x00C8EB0B+191243]
	Ordinal0 [0x00C72E77+77431]
	Ordinal0 [0x00C73E3E+81470]
	Ordinal0 [0x00C73DC9+81353]
	Ordinal0 [0x00E60CD9+2100441]
	GetHandleVerifier [0x010CB75A+1396954]
	GetHandleVerifier [0x010CB3D9+1396057]
	GetHandleVerifier [0x010D7126+1444518]
	GetHandleVerifier [0x010CBCE8+1398376]
	Ordinal0 [0x00E57F51+2064209]
	Ordinal0 [0x00E622EB+2106091]
	Ordinal0 [0x00E62411+2106385]
	Ordinal0 [0x00E749C4+2181572]
	BaseThreadInitThunk [0x75DCEF1C+18]
	RtlInitializeExceptionChain [0x777B3B53+239]
	RtlInitializeExceptionChain [0x777B3B26+194]

	at sun.reflect.NativeConstructorAccessorImpl.newInstance0(Native Method)
	at sun.reflect.NativeConstructorAccessorImpl.newInstance(Unknown Source)
	at sun.reflect.DelegatingConstructorAccessorImpl.newInstance(Unknown Source)
	at java.lang.reflect.Constructor.newInstance(Unknown Source)
	at org.openqa.selenium.remote.W3CHandshakeResponse.lambda$new$0(W3CHandshakeResponse.java:57)
	at org.openqa.selenium.remote.W3CHandshakeResponse$$Lambda$133/6788197.apply(Unknown Source)
	at org.openqa.selenium.remote.W3CHandshakeResponse.lambda$getResponseFunction$2(W3CHandshakeResponse.java:104)
	at org.openqa.selenium.remote.W3CHandshakeResponse$$Lambda$135/24182895.apply(Unknown Source)
	at org.openqa.selenium.remote.ProtocolHandshake.lambda$createSession$0(ProtocolHandshake.java:123)
	at org.openqa.selenium.remote.ProtocolHandshake$$Lambda$136/32661611.apply(Unknown Source)
	at java.util.stream.ReferencePipeline$3$1.accept(Unknown Source)
	at java.util.Spliterators$ArraySpliterator.tryAdvance(Unknown Source)
	at java.util.stream.ReferencePipeline.forEachWithCancel(Unknown Source)
	at java.util.stream.AbstractPipeline.copyIntoWithCancel(Unknown Source)
	at java.util.stream.AbstractPipeline.copyInto(Unknown Source)
	at java.util.stream.AbstractPipeline.wrapAndCopyInto(Unknown Source)
	at java.util.stream.FindOps$FindOp.evaluateSequential(Unknown Source)
	at java.util.stream.AbstractPipeline.evaluate(Unknown Source)
	at java.util.stream.ReferencePipeline.findFirst(Unknown Source)
	at org.openqa.selenium.remote.ProtocolHandshake.createSession(ProtocolHandshake.java:126)
	at org.openqa.selenium.remote.ProtocolHandshake.createSession(ProtocolHandshake.java:73)
	at org.openqa.selenium.remote.HttpCommandExecutor.execute(HttpCommandExecutor.java:142)
	at org.openqa.selenium.remote.service.DriverCommandExecutor.execute(DriverCommandExecutor.java:83)
	at org.openqa.selenium.remote.RemoteWebDriver.execute(RemoteWebDriver.java:600)
	at org.openqa.selenium.remote.RemoteWebDriver.startSession(RemoteWebDriver.java:219)
	at org.openqa.selenium.remote.RemoteWebDriver.<init>(RemoteWebDriver.java:142)
	at org.openqa.selenium.chrome.ChromeDriver.<init>(ChromeDriver.java:181)
	at org.openqa.selenium.chrome.ChromeDriver.<init>(ChromeDriver.java:168)
	at org.openqa.selenium.chrome.ChromeDriver.<init>(ChromeDriver.java:123)
	at com.qc.steps.LoginDefinition.setup_browser_and_launch_login_page(LoginDefinition.java:25)
	at ✽.Given Setup browser and launch login page(com/qc/feature/Login.feature:15)
</textarea></div>
					</li>
					<li test-id='29' class='node and skip' status='skip'><b>And</b>
						<span class="bdd-step-name">And Enter valid username "queuecpddes"</span>
							<div class='pre'>skipped</div>
					</li>
					<li test-id='30' class='node and skip' status='skip'><b>And</b>
						<span class="bdd-step-name">And Enter valid password "123456"</span>
							<div class='pre'>skipped</div>
					</li>
					<li test-id='31' class='node when skip' status='skip'><b>When</b>
						<span class="bdd-step-name">When Click on signIn button</span>
							<div class='pre'>skipped</div>
					</li>
					<li test-id='32' class='node then skip' status='skip'><b>Then</b>
						<span class="bdd-step-name">Then User should be on login page "Queue Codes | Log in"</span>
							<div class='pre'>skipped</div>
					</li>
					<li test-id='33' class='node and skip' status='skip'><b>And</b>
						<span class="bdd-step-name">And Validate emailError as "Please enter email as queuecodes@gmail.com" and passwordError ""</span>
							<div class='pre'>skipped</div>
					</li>
					<li test-id='34' class='node and skip' status='skip'><b>And</b>
						<span class="bdd-step-name">And Browser should be close</span>
							<div class='pre'>skipped</div>
					</li>
				</ul>
		</li>
		<li test-id='35' class='node scenario fail' status='fail'>
			<div class='category-list'>
				<span class='category label white-text'>@LoginPage</span>
				<span class='category label white-text'>@InvalidData</span>
			</div>
			
			<b>Scenario</b>
			
			<span class="bdd-step-name">Validate error meaages for email & password with invalid credentials</span>
			
				<ul class='steps'>
					<li test-id='36' class='node given fail' status='fail'><b>Given</b>
						<span class="bdd-step-name">Given Setup browser and launch login page</span>
							<div class='pre'><textarea>org.openqa.selenium.SessionNotCreatedException: session not created: This version of ChromeDriver only supports Chrome version 85
Build info: version: '3.7.1', revision: '8a0099a', time: '2017-11-06T21:01:39.354Z'
System info: host: 'TANAJI-PC', ip: '192.168.225.25', os.name: 'Windows 7', os.arch: 'x86', os.version: '6.1', java.version: '1.8.0_45'
Driver info: driver.version: ChromeDriver
remote stacktrace: Backtrace:
	Ordinal0 [0x00F5D383+3134339]
	Ordinal0 [0x00E4A171+2007409]
	Ordinal0 [0x00CEAEE8+569064]
	Ordinal0 [0x00C7139F+70559]
	Ordinal0 [0x00C6CC63+52323]
	Ordinal0 [0x00C90DFC+200188]
	Ordinal0 [0x00C90C1D+199709]
	Ordinal0 [0x00C8EB0B+191243]
	Ordinal0 [0x00C72E77+77431]
	Ordinal0 [0x00C73E3E+81470]
	Ordinal0 [0x00C73DC9+81353]
	Ordinal0 [0x00E60CD9+2100441]
	GetHandleVerifier [0x010CB75A+1396954]
	GetHandleVerifier [0x010CB3D9+1396057]
	GetHandleVerifier [0x010D7126+1444518]
	GetHandleVerifier [0x010CBCE8+1398376]
	Ordinal0 [0x00E57F51+2064209]
	Ordinal0 [0x00E622EB+2106091]
	Ordinal0 [0x00E62411+2106385]
	Ordinal0 [0x00E749C4+2181572]
	BaseThreadInitThunk [0x75DCEF1C+18]
	RtlInitializeExceptionChain [0x777B3B53+239]
	RtlInitializeExceptionChain [0x777B3B26+194]

	at sun.reflect.NativeConstructorAccessorImpl.newInstance0(Native Method)
	at sun.reflect.NativeConstructorAccessorImpl.newInstance(Unknown Source)
	at sun.reflect.DelegatingConstructorAccessorImpl.newInstance(Unknown Source)
	at java.lang.reflect.Constructor.newInstance(Unknown Source)
	at org.openqa.selenium.remote.W3CHandshakeResponse.lambda$new$0(W3CHandshakeResponse.java:57)
	at org.openqa.selenium.remote.W3CHandshakeResponse$$Lambda$133/6788197.apply(Unknown Source)
	at org.openqa.selenium.remote.W3CHandshakeResponse.lambda$getResponseFunction$2(W3CHandshakeResponse.java:104)
	at org.openqa.selenium.remote.W3CHandshakeResponse$$Lambda$135/24182895.apply(Unknown Source)
	at org.openqa.selenium.remote.ProtocolHandshake.lambda$createSession$0(ProtocolHandshake.java:123)
	at org.openqa.selenium.remote.ProtocolHandshake$$Lambda$136/32661611.apply(Unknown Source)
	at java.util.stream.ReferencePipeline$3$1.accept(Unknown Source)
	at java.util.Spliterators$ArraySpliterator.tryAdvance(Unknown Source)
	at java.util.stream.ReferencePipeline.forEachWithCancel(Unknown Source)
	at java.util.stream.AbstractPipeline.copyIntoWithCancel(Unknown Source)
	at java.util.stream.AbstractPipeline.copyInto(Unknown Source)
	at java.util.stream.AbstractPipeline.wrapAndCopyInto(Unknown Source)
	at java.util.stream.FindOps$FindOp.evaluateSequential(Unknown Source)
	at java.util.stream.AbstractPipeline.evaluate(Unknown Source)
	at java.util.stream.ReferencePipeline.findFirst(Unknown Source)
	at org.openqa.selenium.remote.ProtocolHandshake.createSession(ProtocolHandshake.java:126)
	at org.openqa.selenium.remote.ProtocolHandshake.createSession(ProtocolHandshake.java:73)
	at org.openqa.selenium.remote.HttpCommandExecutor.execute(HttpCommandExecutor.java:142)
	at org.openqa.selenium.remote.service.DriverCommandExecutor.execute(DriverCommandExecutor.java:83)
	at org.openqa.selenium.remote.RemoteWebDriver.execute(RemoteWebDriver.java:600)
	at org.openqa.selenium.remote.RemoteWebDriver.startSession(RemoteWebDriver.java:219)
	at org.openqa.selenium.remote.RemoteWebDriver.<init>(RemoteWebDriver.java:142)
	at org.openqa.selenium.chrome.ChromeDriver.<init>(ChromeDriver.java:181)
	at org.openqa.selenium.chrome.ChromeDriver.<init>(ChromeDriver.java:168)
	at org.openqa.selenium.chrome.ChromeDriver.<init>(ChromeDriver.java:123)
	at com.qc.steps.LoginDefinition.setup_browser_and_launch_login_page(LoginDefinition.java:25)
	at ✽.Given Setup browser and launch login page(com/qc/feature/Login.feature:15)
</textarea></div>
					</li>
					<li test-id='37' class='node and skip' status='skip'><b>And</b>
						<span class="bdd-step-name">And Enter valid username ""</span>
							<div class='pre'>skipped</div>
					</li>
					<li test-id='38' class='node and skip' status='skip'><b>And</b>
						<span class="bdd-step-name">And Enter valid password "123456"</span>
							<div class='pre'>skipped</div>
					</li>
					<li test-id='39' class='node when skip' status='skip'><b>When</b>
						<span class="bdd-step-name">When Click on signIn button</span>
							<div class='pre'>skipped</div>
					</li>
					<li test-id='40' class='node then skip' status='skip'><b>Then</b>
						<span class="bdd-step-name">Then User should be on login page "Queue Codes | Log in"</span>
							<div class='pre'>skipped</div>
					</li>
					<li test-id='41' class='node and skip' status='skip'><b>And</b>
						<span class="bdd-step-name">And Validate emailError as "Please enter email" and passwordError ""</span>
							<div class='pre'>skipped</div>
					</li>
					<li test-id='42' class='node and skip' status='skip'><b>And</b>
						<span class="bdd-step-name">And Browser should be close</span>
							<div class='pre'>skipped</div>
					</li>
				</ul>
		</li>
		<li test-id='43' class='node scenario fail' status='fail'>
			<div class='category-list'>
				<span class='category label white-text'>@LoginPage</span>
				<span class='category label white-text'>@InvalidData</span>
			</div>
			
			<b>Scenario</b>
			
			<span class="bdd-step-name">Validate error meaages for email & password with invalid credentials</span>
			
				<ul class='steps'>
					<li test-id='44' class='node given fail' status='fail'><b>Given</b>
						<span class="bdd-step-name">Given Setup browser and launch login page</span>
							<div class='pre'><textarea>org.openqa.selenium.SessionNotCreatedException: session not created: This version of ChromeDriver only supports Chrome version 85
Build info: version: '3.7.1', revision: '8a0099a', time: '2017-11-06T21:01:39.354Z'
System info: host: 'TANAJI-PC', ip: '192.168.225.25', os.name: 'Windows 7', os.arch: 'x86', os.version: '6.1', java.version: '1.8.0_45'
Driver info: driver.version: ChromeDriver
remote stacktrace: Backtrace:
	Ordinal0 [0x00F5D383+3134339]
	Ordinal0 [0x00E4A171+2007409]
	Ordinal0 [0x00CEAEE8+569064]
	Ordinal0 [0x00C7139F+70559]
	Ordinal0 [0x00C6CC63+52323]
	Ordinal0 [0x00C90DFC+200188]
	Ordinal0 [0x00C90C1D+199709]
	Ordinal0 [0x00C8EB0B+191243]
	Ordinal0 [0x00C72E77+77431]
	Ordinal0 [0x00C73E3E+81470]
	Ordinal0 [0x00C73DC9+81353]
	Ordinal0 [0x00E60CD9+2100441]
	GetHandleVerifier [0x010CB75A+1396954]
	GetHandleVerifier [0x010CB3D9+1396057]
	GetHandleVerifier [0x010D7126+1444518]
	GetHandleVerifier [0x010CBCE8+1398376]
	Ordinal0 [0x00E57F51+2064209]
	Ordinal0 [0x00E622EB+2106091]
	Ordinal0 [0x00E62411+2106385]
	Ordinal0 [0x00E749C4+2181572]
	BaseThreadInitThunk [0x75DCEF1C+18]
	RtlInitializeExceptionChain [0x777B3B53+239]
	RtlInitializeExceptionChain [0x777B3B26+194]

	at sun.reflect.NativeConstructorAccessorImpl.newInstance0(Native Method)
	at sun.reflect.NativeConstructorAccessorImpl.newInstance(Unknown Source)
	at sun.reflect.DelegatingConstructorAccessorImpl.newInstance(Unknown Source)
	at java.lang.reflect.Constructor.newInstance(Unknown Source)
	at org.openqa.selenium.remote.W3CHandshakeResponse.lambda$new$0(W3CHandshakeResponse.java:57)
	at org.openqa.selenium.remote.W3CHandshakeResponse$$Lambda$133/6788197.apply(Unknown Source)
	at org.openqa.selenium.remote.W3CHandshakeResponse.lambda$getResponseFunction$2(W3CHandshakeResponse.java:104)
	at org.openqa.selenium.remote.W3CHandshakeResponse$$Lambda$135/24182895.apply(Unknown Source)
	at org.openqa.selenium.remote.ProtocolHandshake.lambda$createSession$0(ProtocolHandshake.java:123)
	at org.openqa.selenium.remote.ProtocolHandshake$$Lambda$136/32661611.apply(Unknown Source)
	at java.util.stream.ReferencePipeline$3$1.accept(Unknown Source)
	at java.util.Spliterators$ArraySpliterator.tryAdvance(Unknown Source)
	at java.util.stream.ReferencePipeline.forEachWithCancel(Unknown Source)
	at java.util.stream.AbstractPipeline.copyIntoWithCancel(Unknown Source)
	at java.util.stream.AbstractPipeline.copyInto(Unknown Source)
	at java.util.stream.AbstractPipeline.wrapAndCopyInto(Unknown Source)
	at java.util.stream.FindOps$FindOp.evaluateSequential(Unknown Source)
	at java.util.stream.AbstractPipeline.evaluate(Unknown Source)
	at java.util.stream.ReferencePipeline.findFirst(Unknown Source)
	at org.openqa.selenium.remote.ProtocolHandshake.createSession(ProtocolHandshake.java:126)
	at org.openqa.selenium.remote.ProtocolHandshake.createSession(ProtocolHandshake.java:73)
	at org.openqa.selenium.remote.HttpCommandExecutor.execute(HttpCommandExecutor.java:142)
	at org.openqa.selenium.remote.service.DriverCommandExecutor.execute(DriverCommandExecutor.java:83)
	at org.openqa.selenium.remote.RemoteWebDriver.execute(RemoteWebDriver.java:600)
	at org.openqa.selenium.remote.RemoteWebDriver.startSession(RemoteWebDriver.java:219)
	at org.openqa.selenium.remote.RemoteWebDriver.<init>(RemoteWebDriver.java:142)
	at org.openqa.selenium.chrome.ChromeDriver.<init>(ChromeDriver.java:181)
	at org.openqa.selenium.chrome.ChromeDriver.<init>(ChromeDriver.java:168)
	at org.openqa.selenium.chrome.ChromeDriver.<init>(ChromeDriver.java:123)
	at com.qc.steps.LoginDefinition.setup_browser_and_launch_login_page(LoginDefinition.java:25)
	at ✽.Given Setup browser and launch login page(com/qc/feature/Login.feature:15)
</textarea></div>
					</li>
					<li test-id='45' class='node and skip' status='skip'><b>And</b>
						<span class="bdd-step-name">And Enter valid username "queuecodes@gmail.com"</span>
							<div class='pre'>skipped</div>
					</li>
					<li test-id='46' class='node and skip' status='skip'><b>And</b>
						<span class="bdd-step-name">And Enter valid password ""</span>
							<div class='pre'>skipped</div>
					</li>
					<li test-id='47' class='node when skip' status='skip'><b>When</b>
						<span class="bdd-step-name">When Click on signIn button</span>
							<div class='pre'>skipped</div>
					</li>
					<li test-id='48' class='node then skip' status='skip'><b>Then</b>
						<span class="bdd-step-name">Then User should be on login page "Queue Codes | Log in"</span>
							<div class='pre'>skipped</div>
					</li>
					<li test-id='49' class='node and skip' status='skip'><b>And</b>
						<span class="bdd-step-name">And Validate emailError as "" and passwordError "Please enter password."</span>
							<div class='pre'>skipped</div>
					</li>
					<li test-id='50' class='node and skip' status='skip'><b>And</b>
						<span class="bdd-step-name">And Browser should be close</span>
							<div class='pre'>skipped</div>
					</li>
				</ul>
		</li>
	</ul>
</div>
					</div>
				</li>
			</ul>
		</div>
	</div>
	<!-- subview left -->

	<div class='subview-right left'>
		<div class='view-summary'>
			<h5 class='test-name'></h5>

			<div id='step-filters' class="right">
				<span class="blue-text" status="info" alt="info" title="info"><i class="material-icons">info_outline</i></span>
				<span class="green-text" status="pass" alt="pass" title="pass"><i class="material-icons">check_circle</i></span>
				<span class="red-text" status="fail" alt="fail" title="fail"><i class="material-icons">cancel</i></span>
				<span class="red-text text-darken-4" status="fatal" alt="fatal" title="fatal"><i class="material-icons">cancel</i></span>
				<span class="pink-text text-lighten-1" status="error" alt="error" title="error"><i class="material-icons">error</i></span>
				<span class="orange-text" alt="warning" status="warning" title="warning"><i class="material-icons">warning</i></span>
				<span class="teal-text" status="skip" alt="skip" title="skip"><i class="material-icons">redo</i></span>
				<span status="clear" alt="Clear filters" title="Clear filters"><i class="material-icons">clear</i></span>
			</div>
		</div>
	</div>
	<!-- subview right -->

</div>
<!-- test view -->
<div id='category-view' class='view hide'>

	<section id='controls'>
		<div class='controls grey lighten-4'>
			<!-- search -->
			<div class='chip transparent' alt='Search Tests' title='Search Tests'>
				<a href="#" class='search-div'>
					<i class='material-icons'>search</i> Search
				</a>
				
				<div class='input-field left hide'>
					<input id='search-tests' type='text' class='validate browser-default' placeholder='Search Tests...'>
				</div>
				
			</div>
			<!-- search -->
		</div>
	</section>

	<div class='subview-left left'>
		
		<div class='view-summary'>
			<h5>Categories</h3>
			<ul id='category-collection' class='category-collection'>
				
				<li class='category displayed active'>
					<div class='category-heading'>
						<span class='category-name'>@LoginPage</span>
						<span class='category-status right'>
							<span class='label fail'>7</span>
						</span>
					</div>
					<div class='category-content hide'>
						<div class='category-status-counts'>
							
							<span class='label red lighten-1 white-text'>Failed: 7</span>
							
						</div>
					
						<div class='category-tests'>
							<table class='bordered table-results'>
								<thead>
									<tr>
										<th>Timestamp</th>
										<th>TestName</th>
										<th>Status</th>
									</tr>
								</thead>
								<tbody>
									<tr>
										<td>Jun 1, 2021 09:20:03 AM</td>
										<td class='linked' test-id='1'>To validate the queue codes login page</td>
										<td><span class='test-status fail'>fail</span></td>
									</tr>
									<tr>
										<td>Jun 1, 2021 09:20:03 AM</td>
										<td class='linked' test-id='3'>To validate the queue codes login page.Validate error meaages for email & password with invalid credentials.Validate error meaages for email & password with invalid credentials</td>
										<td><span class='test-status fail'>fail</span></td>
									</tr>
									<tr>
										<td>Jun 1, 2021 09:20:09 AM</td>
										<td class='linked' test-id='11'>To validate the queue codes login page.Validate error meaages for email & password with invalid credentials.Validate error meaages for email & password with invalid credentials</td>
										<td><span class='test-status fail'>fail</span></td>
									</tr>
									<tr>
										<td>Jun 1, 2021 09:20:11 AM</td>
										<td class='linked' test-id='19'>To validate the queue codes login page.Validate error meaages for email & password with invalid credentials.Validate error meaages for email & password with invalid credentials</td>
										<td><span class='test-status fail'>fail</span></td>
									</tr>
									<tr>
										<td>Jun 1, 2021 09:20:13 AM</td>
										<td class='linked' test-id='27'>To validate the queue codes login page.Validate error meaages for email & password with invalid credentials.Validate error meaages for email & password with invalid credentials</td>
										<td><span class='test-status fail'>fail</span></td>
									</tr>
									<tr>
										<td>Jun 1, 2021 09:20:15 AM</td>
										<td class='linked' test-id='35'>To validate the queue codes login page.Validate error meaages for email & password with invalid credentials.Validate error meaages for email & password with invalid credentials</td>
										<td><span class='test-status fail'>fail</span></td>
									</tr>
									<tr>
										<td>Jun 1, 2021 09:20:17 AM</td>
										<td class='linked' test-id='43'>To validate the queue codes login page.Validate error meaages for email & password with invalid credentials.Validate error meaages for email & password with invalid credentials</td>
										<td><span class='test-status fail'>fail</span></td>
									</tr>
								</tbody>
							</table>
						</div>
					</div>
				</li>
				<li class='category displayed active'>
					<div class='category-heading'>
						<span class='category-name'>@InvalidData</span>
						<span class='category-status right'>
							<span class='label fail'>6</span>
						</span>
					</div>
					<div class='category-content hide'>
						<div class='category-status-counts'>
							
							<span class='label red lighten-1 white-text'>Failed: 6</span>
							
						</div>
					
						<div class='category-tests'>
							<table class='bordered table-results'>
								<thead>
									<tr>
										<th>Timestamp</th>
										<th>TestName</th>
										<th>Status</th>
									</tr>
								</thead>
								<tbody>
									<tr>
										<td>Jun 1, 2021 09:20:03 AM</td>
										<td class='linked' test-id='3'>To validate the queue codes login page.Validate error meaages for email & password with invalid credentials.Validate error meaages for email & password with invalid credentials</td>
										<td><span class='test-status fail'>fail</span></td>
									</tr>
									<tr>
										<td>Jun 1, 2021 09:20:09 AM</td>
										<td class='linked' test-id='11'>To validate the queue codes login page.Validate error meaages for email & password with invalid credentials.Validate error meaages for email & password with invalid credentials</td>
										<td><span class='test-status fail'>fail</span></td>
									</tr>
									<tr>
										<td>Jun 1, 2021 09:20:11 AM</td>
										<td class='linked' test-id='19'>To validate the queue codes login page.Validate error meaages for email & password with invalid credentials.Validate error meaages for email & password with invalid credentials</td>
										<td><span class='test-status fail'>fail</span></td>
									</tr>
									<tr>
										<td>Jun 1, 2021 09:20:13 AM</td>
										<td class='linked' test-id='27'>To validate the queue codes login page.Validate error meaages for email & password with invalid credentials.Validate error meaages for email & password with invalid credentials</td>
										<td><span class='test-status fail'>fail</span></td>
									</tr>
									<tr>
										<td>Jun 1, 2021 09:20:15 AM</td>
										<td class='linked' test-id='35'>To validate the queue codes login page.Validate error meaages for email & password with invalid credentials.Validate error meaages for email & password with invalid credentials</td>
										<td><span class='test-status fail'>fail</span></td>
									</tr>
									<tr>
										<td>Jun 1, 2021 09:20:17 AM</td>
										<td class='linked' test-id='43'>To validate the queue codes login page.Validate error meaages for email & password with invalid credentials.Validate error meaages for email & password with invalid credentials</td>
										<td><span class='test-status fail'>fail</span></td>
									</tr>
								</tbody>
							</table>
						</div>
					</div>
				</li>

			</ul>
		</div>
	</div>

	<div class='subview-right left'>
		<div class='view-summary'>
			<h5 class='category-name'></h5>
		</div>
	</div>
</div>
<!-- category view -->
<div id='exception-view' class='view hide'>

    <section id='controls'>
        <div class='controls grey lighten-4'>
            <!-- search -->
            <div class='chip transparent' alt='Search Tests' title='Search Tests'>
                <a href="#" class='search-div'>
                    <i class='material-icons'>search</i> Search
                </a>

                <div class='input-field left hide'>
                    <input id='search-tests' type='text' class='validate browser-default' placeholder='Search Tests...'>
                </div>

            </div>
            <!-- search -->
        </div>
    </section>

    <div class='subview-left left'>

        <div class='view-summary'>
            <h5>Exceptions</h3>
                <ul id='exception-collection' class='exception-collection'>

                        <li class='exception displayed active'>
                            <div class='exception-heading'>
                                <span class='exception-name'>org.openqa.selenium.SessionNotCreatedException</span>
                                <span class='exception-count right'><span class='label red lighten-1 white-text'>6</span></span>
                            </div>
                            <div class='exception-content hide'>
                                <div class='exception-tests'>
                                    <table class='bordered table-results'>
                                        <thead>
                                        <tr>
                                            <th>Timestamp</th>
                                            <th>TestName</th>
                                            <th>Status</th>
                                        </tr>
                                        </thead>
                                        <tbody>
                                                    <tr>
                                                        <td>Jun 1, 2021 09:20:03 AM</td>
                                                        <td class='linked' test-id='4'>To validate the queue codes login page.Validate error meaages for email & password with invalid credentials.Validate error meaages for email & password with invalid credentials.Given Setup browser and launch login page</td>
                                                        <td><pre><textarea>org.openqa.selenium.SessionNotCreatedException: session not created: This version of ChromeDriver only supports Chrome version 85
Build info: version: '3.7.1', revision: '8a0099a', time: '2017-11-06T21:01:39.354Z'
System info: host: 'TANAJI-PC', ip: '192.168.225.25', os.name: 'Windows 7', os.arch: 'x86', os.version: '6.1', java.version: '1.8.0_45'
Driver info: driver.version: ChromeDriver
remote stacktrace: Backtrace:
	Ordinal0 [0x00F5D383+3134339]
	Ordinal0 [0x00E4A171+2007409]
	Ordinal0 [0x00CEAEE8+569064]
	Ordinal0 [0x00C7139F+70559]
	Ordinal0 [0x00C6CC63+52323]
	Ordinal0 [0x00C90DFC+200188]
	Ordinal0 [0x00C90C1D+199709]
	Ordinal0 [0x00C8EB0B+191243]
	Ordinal0 [0x00C72E77+77431]
	Ordinal0 [0x00C73E3E+81470]
	Ordinal0 [0x00C73DC9+81353]
	Ordinal0 [0x00E60CD9+2100441]
	GetHandleVerifier [0x010CB75A+1396954]
	GetHandleVerifier [0x010CB3D9+1396057]
	GetHandleVerifier [0x010D7126+1444518]
	GetHandleVerifier [0x010CBCE8+1398376]
	Ordinal0 [0x00E57F51+2064209]
	Ordinal0 [0x00E622EB+2106091]
	Ordinal0 [0x00E62411+2106385]
	Ordinal0 [0x00E749C4+2181572]
	BaseThreadInitThunk [0x75DCEF1C+18]
	RtlInitializeExceptionChain [0x777B3B53+239]
	RtlInitializeExceptionChain [0x777B3B26+194]

	at sun.reflect.NativeConstructorAccessorImpl.newInstance0(Native Method)
	at sun.reflect.NativeConstructorAccessorImpl.newInstance(Unknown Source)
	at sun.reflect.DelegatingConstructorAccessorImpl.newInstance(Unknown Source)
	at java.lang.reflect.Constructor.newInstance(Unknown Source)
	at org.openqa.selenium.remote.W3CHandshakeResponse.lambda$new$0(W3CHandshakeResponse.java:57)
	at org.openqa.selenium.remote.W3CHandshakeResponse$$Lambda$133/6788197.apply(Unknown Source)
	at org.openqa.selenium.remote.W3CHandshakeResponse.lambda$getResponseFunction$2(W3CHandshakeResponse.java:104)
	at org.openqa.selenium.remote.W3CHandshakeResponse$$Lambda$135/24182895.apply(Unknown Source)
	at org.openqa.selenium.remote.ProtocolHandshake.lambda$createSession$0(ProtocolHandshake.java:123)
	at org.openqa.selenium.remote.ProtocolHandshake$$Lambda$136/32661611.apply(Unknown Source)
	at java.util.stream.ReferencePipeline$3$1.accept(Unknown Source)
	at java.util.Spliterators$ArraySpliterator.tryAdvance(Unknown Source)
	at java.util.stream.ReferencePipeline.forEachWithCancel(Unknown Source)
	at java.util.stream.AbstractPipeline.copyIntoWithCancel(Unknown Source)
	at java.util.stream.AbstractPipeline.copyInto(Unknown Source)
	at java.util.stream.AbstractPipeline.wrapAndCopyInto(Unknown Source)
	at java.util.stream.FindOps$FindOp.evaluateSequential(Unknown Source)
	at java.util.stream.AbstractPipeline.evaluate(Unknown Source)
	at java.util.stream.ReferencePipeline.findFirst(Unknown Source)
	at org.openqa.selenium.remote.ProtocolHandshake.createSession(ProtocolHandshake.java:126)
	at org.openqa.selenium.remote.ProtocolHandshake.createSession(ProtocolHandshake.java:73)
	at org.openqa.selenium.remote.HttpCommandExecutor.execute(HttpCommandExecutor.java:142)
	at org.openqa.selenium.remote.service.DriverCommandExecutor.execute(DriverCommandExecutor.java:83)
	at org.openqa.selenium.remote.RemoteWebDriver.execute(RemoteWebDriver.java:600)
	at org.openqa.selenium.remote.RemoteWebDriver.startSession(RemoteWebDriver.java:219)
	at org.openqa.selenium.remote.RemoteWebDriver.<init>(RemoteWebDriver.java:142)
	at org.openqa.selenium.chrome.ChromeDriver.<init>(ChromeDriver.java:181)
	at org.openqa.selenium.chrome.ChromeDriver.<init>(ChromeDriver.java:168)
	at org.openqa.selenium.chrome.ChromeDriver.<init>(ChromeDriver.java:123)
	at com.qc.steps.LoginDefinition.setup_browser_and_launch_login_page(LoginDefinition.java:25)
	at ✽.Given Setup browser and launch login page(com/qc/feature/Login.feature:15)
</textarea></pre></td>
                                                    </tr>
                                                    <tr>
                                                        <td>Jun 1, 2021 09:20:09 AM</td>
                                                        <td class='linked' test-id='12'>To validate the queue codes login page.Validate error meaages for email & password with invalid credentials.Validate error meaages for email & password with invalid credentials.Given Setup browser and launch login page</td>
                                                        <td><pre><textarea>org.openqa.selenium.SessionNotCreatedException: session not created: This version of ChromeDriver only supports Chrome version 85
Build info: version: '3.7.1', revision: '8a0099a', time: '2017-11-06T21:01:39.354Z'
System info: host: 'TANAJI-PC', ip: '192.168.225.25', os.name: 'Windows 7', os.arch: 'x86', os.version: '6.1', java.version: '1.8.0_45'
Driver info: driver.version: ChromeDriver
remote stacktrace: Backtrace:
	Ordinal0 [0x00F5D383+3134339]
	Ordinal0 [0x00E4A171+2007409]
	Ordinal0 [0x00CEAEE8+569064]
	Ordinal0 [0x00C7139F+70559]
	Ordinal0 [0x00C6CC63+52323]
	Ordinal0 [0x00C90DFC+200188]
	Ordinal0 [0x00C90C1D+199709]
	Ordinal0 [0x00C8EB0B+191243]
	Ordinal0 [0x00C72E77+77431]
	Ordinal0 [0x00C73E3E+81470]
	Ordinal0 [0x00C73DC9+81353]
	Ordinal0 [0x00E60CD9+2100441]
	GetHandleVerifier [0x010CB75A+1396954]
	GetHandleVerifier [0x010CB3D9+1396057]
	GetHandleVerifier [0x010D7126+1444518]
	GetHandleVerifier [0x010CBCE8+1398376]
	Ordinal0 [0x00E57F51+2064209]
	Ordinal0 [0x00E622EB+2106091]
	Ordinal0 [0x00E62411+2106385]
	Ordinal0 [0x00E749C4+2181572]
	BaseThreadInitThunk [0x75DCEF1C+18]
	RtlInitializeExceptionChain [0x777B3B53+239]
	RtlInitializeExceptionChain [0x777B3B26+194]

	at sun.reflect.NativeConstructorAccessorImpl.newInstance0(Native Method)
	at sun.reflect.NativeConstructorAccessorImpl.newInstance(Unknown Source)
	at sun.reflect.DelegatingConstructorAccessorImpl.newInstance(Unknown Source)
	at java.lang.reflect.Constructor.newInstance(Unknown Source)
	at org.openqa.selenium.remote.W3CHandshakeResponse.lambda$new$0(W3CHandshakeResponse.java:57)
	at org.openqa.selenium.remote.W3CHandshakeResponse$$Lambda$133/6788197.apply(Unknown Source)
	at org.openqa.selenium.remote.W3CHandshakeResponse.lambda$getResponseFunction$2(W3CHandshakeResponse.java:104)
	at org.openqa.selenium.remote.W3CHandshakeResponse$$Lambda$135/24182895.apply(Unknown Source)
	at org.openqa.selenium.remote.ProtocolHandshake.lambda$createSession$0(ProtocolHandshake.java:123)
	at org.openqa.selenium.remote.ProtocolHandshake$$Lambda$136/32661611.apply(Unknown Source)
	at java.util.stream.ReferencePipeline$3$1.accept(Unknown Source)
	at java.util.Spliterators$ArraySpliterator.tryAdvance(Unknown Source)
	at java.util.stream.ReferencePipeline.forEachWithCancel(Unknown Source)
	at java.util.stream.AbstractPipeline.copyIntoWithCancel(Unknown Source)
	at java.util.stream.AbstractPipeline.copyInto(Unknown Source)
	at java.util.stream.AbstractPipeline.wrapAndCopyInto(Unknown Source)
	at java.util.stream.FindOps$FindOp.evaluateSequential(Unknown Source)
	at java.util.stream.AbstractPipeline.evaluate(Unknown Source)
	at java.util.stream.ReferencePipeline.findFirst(Unknown Source)
	at org.openqa.selenium.remote.ProtocolHandshake.createSession(ProtocolHandshake.java:126)
	at org.openqa.selenium.remote.ProtocolHandshake.createSession(ProtocolHandshake.java:73)
	at org.openqa.selenium.remote.HttpCommandExecutor.execute(HttpCommandExecutor.java:142)
	at org.openqa.selenium.remote.service.DriverCommandExecutor.execute(DriverCommandExecutor.java:83)
	at org.openqa.selenium.remote.RemoteWebDriver.execute(RemoteWebDriver.java:600)
	at org.openqa.selenium.remote.RemoteWebDriver.startSession(RemoteWebDriver.java:219)
	at org.openqa.selenium.remote.RemoteWebDriver.<init>(RemoteWebDriver.java:142)
	at org.openqa.selenium.chrome.ChromeDriver.<init>(ChromeDriver.java:181)
	at org.openqa.selenium.chrome.ChromeDriver.<init>(ChromeDriver.java:168)
	at org.openqa.selenium.chrome.ChromeDriver.<init>(ChromeDriver.java:123)
	at com.qc.steps.LoginDefinition.setup_browser_and_launch_login_page(LoginDefinition.java:25)
	at ✽.Given Setup browser and launch login page(com/qc/feature/Login.feature:15)
</textarea></pre></td>
                                                    </tr>
                                                    <tr>
                                                        <td>Jun 1, 2021 09:20:11 AM</td>
                                                        <td class='linked' test-id='20'>To validate the queue codes login page.Validate error meaages for email & password with invalid credentials.Validate error meaages for email & password with invalid credentials.Given Setup browser and launch login page</td>
                                                        <td><pre><textarea>org.openqa.selenium.SessionNotCreatedException: session not created: This version of ChromeDriver only supports Chrome version 85
Build info: version: '3.7.1', revision: '8a0099a', time: '2017-11-06T21:01:39.354Z'
System info: host: 'TANAJI-PC', ip: '192.168.225.25', os.name: 'Windows 7', os.arch: 'x86', os.version: '6.1', java.version: '1.8.0_45'
Driver info: driver.version: ChromeDriver
remote stacktrace: Backtrace:
	Ordinal0 [0x00F5D383+3134339]
	Ordinal0 [0x00E4A171+2007409]
	Ordinal0 [0x00CEAEE8+569064]
	Ordinal0 [0x00C7139F+70559]
	Ordinal0 [0x00C6CC63+52323]
	Ordinal0 [0x00C90DFC+200188]
	Ordinal0 [0x00C90C1D+199709]
	Ordinal0 [0x00C8EB0B+191243]
	Ordinal0 [0x00C72E77+77431]
	Ordinal0 [0x00C73E3E+81470]
	Ordinal0 [0x00C73DC9+81353]
	Ordinal0 [0x00E60CD9+2100441]
	GetHandleVerifier [0x010CB75A+1396954]
	GetHandleVerifier [0x010CB3D9+1396057]
	GetHandleVerifier [0x010D7126+1444518]
	GetHandleVerifier [0x010CBCE8+1398376]
	Ordinal0 [0x00E57F51+2064209]
	Ordinal0 [0x00E622EB+2106091]
	Ordinal0 [0x00E62411+2106385]
	Ordinal0 [0x00E749C4+2181572]
	BaseThreadInitThunk [0x75DCEF1C+18]
	RtlInitializeExceptionChain [0x777B3B53+239]
	RtlInitializeExceptionChain [0x777B3B26+194]

	at sun.reflect.NativeConstructorAccessorImpl.newInstance0(Native Method)
	at sun.reflect.NativeConstructorAccessorImpl.newInstance(Unknown Source)
	at sun.reflect.DelegatingConstructorAccessorImpl.newInstance(Unknown Source)
	at java.lang.reflect.Constructor.newInstance(Unknown Source)
	at org.openqa.selenium.remote.W3CHandshakeResponse.lambda$new$0(W3CHandshakeResponse.java:57)
	at org.openqa.selenium.remote.W3CHandshakeResponse$$Lambda$133/6788197.apply(Unknown Source)
	at org.openqa.selenium.remote.W3CHandshakeResponse.lambda$getResponseFunction$2(W3CHandshakeResponse.java:104)
	at org.openqa.selenium.remote.W3CHandshakeResponse$$Lambda$135/24182895.apply(Unknown Source)
	at org.openqa.selenium.remote.ProtocolHandshake.lambda$createSession$0(ProtocolHandshake.java:123)
	at org.openqa.selenium.remote.ProtocolHandshake$$Lambda$136/32661611.apply(Unknown Source)
	at java.util.stream.ReferencePipeline$3$1.accept(Unknown Source)
	at java.util.Spliterators$ArraySpliterator.tryAdvance(Unknown Source)
	at java.util.stream.ReferencePipeline.forEachWithCancel(Unknown Source)
	at java.util.stream.AbstractPipeline.copyIntoWithCancel(Unknown Source)
	at java.util.stream.AbstractPipeline.copyInto(Unknown Source)
	at java.util.stream.AbstractPipeline.wrapAndCopyInto(Unknown Source)
	at java.util.stream.FindOps$FindOp.evaluateSequential(Unknown Source)
	at java.util.stream.AbstractPipeline.evaluate(Unknown Source)
	at java.util.stream.ReferencePipeline.findFirst(Unknown Source)
	at org.openqa.selenium.remote.ProtocolHandshake.createSession(ProtocolHandshake.java:126)
	at org.openqa.selenium.remote.ProtocolHandshake.createSession(ProtocolHandshake.java:73)
	at org.openqa.selenium.remote.HttpCommandExecutor.execute(HttpCommandExecutor.java:142)
	at org.openqa.selenium.remote.service.DriverCommandExecutor.execute(DriverCommandExecutor.java:83)
	at org.openqa.selenium.remote.RemoteWebDriver.execute(RemoteWebDriver.java:600)
	at org.openqa.selenium.remote.RemoteWebDriver.startSession(RemoteWebDriver.java:219)
	at org.openqa.selenium.remote.RemoteWebDriver.<init>(RemoteWebDriver.java:142)
	at org.openqa.selenium.chrome.ChromeDriver.<init>(ChromeDriver.java:181)
	at org.openqa.selenium.chrome.ChromeDriver.<init>(ChromeDriver.java:168)
	at org.openqa.selenium.chrome.ChromeDriver.<init>(ChromeDriver.java:123)
	at com.qc.steps.LoginDefinition.setup_browser_and_launch_login_page(LoginDefinition.java:25)
	at ✽.Given Setup browser and launch login page(com/qc/feature/Login.feature:15)
</textarea></pre></td>
                                                    </tr>
                                                    <tr>
                                                        <td>Jun 1, 2021 09:20:13 AM</td>
                                                        <td class='linked' test-id='28'>To validate the queue codes login page.Validate error meaages for email & password with invalid credentials.Validate error meaages for email & password with invalid credentials.Given Setup browser and launch login page</td>
                                                        <td><pre><textarea>org.openqa.selenium.SessionNotCreatedException: session not created: This version of ChromeDriver only supports Chrome version 85
Build info: version: '3.7.1', revision: '8a0099a', time: '2017-11-06T21:01:39.354Z'
System info: host: 'TANAJI-PC', ip: '192.168.225.25', os.name: 'Windows 7', os.arch: 'x86', os.version: '6.1', java.version: '1.8.0_45'
Driver info: driver.version: ChromeDriver
remote stacktrace: Backtrace:
	Ordinal0 [0x00F5D383+3134339]
	Ordinal0 [0x00E4A171+2007409]
	Ordinal0 [0x00CEAEE8+569064]
	Ordinal0 [0x00C7139F+70559]
	Ordinal0 [0x00C6CC63+52323]
	Ordinal0 [0x00C90DFC+200188]
	Ordinal0 [0x00C90C1D+199709]
	Ordinal0 [0x00C8EB0B+191243]
	Ordinal0 [0x00C72E77+77431]
	Ordinal0 [0x00C73E3E+81470]
	Ordinal0 [0x00C73DC9+81353]
	Ordinal0 [0x00E60CD9+2100441]
	GetHandleVerifier [0x010CB75A+1396954]
	GetHandleVerifier [0x010CB3D9+1396057]
	GetHandleVerifier [0x010D7126+1444518]
	GetHandleVerifier [0x010CBCE8+1398376]
	Ordinal0 [0x00E57F51+2064209]
	Ordinal0 [0x00E622EB+2106091]
	Ordinal0 [0x00E62411+2106385]
	Ordinal0 [0x00E749C4+2181572]
	BaseThreadInitThunk [0x75DCEF1C+18]
	RtlInitializeExceptionChain [0x777B3B53+239]
	RtlInitializeExceptionChain [0x777B3B26+194]

	at sun.reflect.NativeConstructorAccessorImpl.newInstance0(Native Method)
	at sun.reflect.NativeConstructorAccessorImpl.newInstance(Unknown Source)
	at sun.reflect.DelegatingConstructorAccessorImpl.newInstance(Unknown Source)
	at java.lang.reflect.Constructor.newInstance(Unknown Source)
	at org.openqa.selenium.remote.W3CHandshakeResponse.lambda$new$0(W3CHandshakeResponse.java:57)
	at org.openqa.selenium.remote.W3CHandshakeResponse$$Lambda$133/6788197.apply(Unknown Source)
	at org.openqa.selenium.remote.W3CHandshakeResponse.lambda$getResponseFunction$2(W3CHandshakeResponse.java:104)
	at org.openqa.selenium.remote.W3CHandshakeResponse$$Lambda$135/24182895.apply(Unknown Source)
	at org.openqa.selenium.remote.ProtocolHandshake.lambda$createSession$0(ProtocolHandshake.java:123)
	at org.openqa.selenium.remote.ProtocolHandshake$$Lambda$136/32661611.apply(Unknown Source)
	at java.util.stream.ReferencePipeline$3$1.accept(Unknown Source)
	at java.util.Spliterators$ArraySpliterator.tryAdvance(Unknown Source)
	at java.util.stream.ReferencePipeline.forEachWithCancel(Unknown Source)
	at java.util.stream.AbstractPipeline.copyIntoWithCancel(Unknown Source)
	at java.util.stream.AbstractPipeline.copyInto(Unknown Source)
	at java.util.stream.AbstractPipeline.wrapAndCopyInto(Unknown Source)
	at java.util.stream.FindOps$FindOp.evaluateSequential(Unknown Source)
	at java.util.stream.AbstractPipeline.evaluate(Unknown Source)
	at java.util.stream.ReferencePipeline.findFirst(Unknown Source)
	at org.openqa.selenium.remote.ProtocolHandshake.createSession(ProtocolHandshake.java:126)
	at org.openqa.selenium.remote.ProtocolHandshake.createSession(ProtocolHandshake.java:73)
	at org.openqa.selenium.remote.HttpCommandExecutor.execute(HttpCommandExecutor.java:142)
	at org.openqa.selenium.remote.service.DriverCommandExecutor.execute(DriverCommandExecutor.java:83)
	at org.openqa.selenium.remote.RemoteWebDriver.execute(RemoteWebDriver.java:600)
	at org.openqa.selenium.remote.RemoteWebDriver.startSession(RemoteWebDriver.java:219)
	at org.openqa.selenium.remote.RemoteWebDriver.<init>(RemoteWebDriver.java:142)
	at org.openqa.selenium.chrome.ChromeDriver.<init>(ChromeDriver.java:181)
	at org.openqa.selenium.chrome.ChromeDriver.<init>(ChromeDriver.java:168)
	at org.openqa.selenium.chrome.ChromeDriver.<init>(ChromeDriver.java:123)
	at com.qc.steps.LoginDefinition.setup_browser_and_launch_login_page(LoginDefinition.java:25)
	at ✽.Given Setup browser and launch login page(com/qc/feature/Login.feature:15)
</textarea></pre></td>
                                                    </tr>
                                                    <tr>
                                                        <td>Jun 1, 2021 09:20:15 AM</td>
                                                        <td class='linked' test-id='36'>To validate the queue codes login page.Validate error meaages for email & password with invalid credentials.Validate error meaages for email & password with invalid credentials.Given Setup browser and launch login page</td>
                                                        <td><pre><textarea>org.openqa.selenium.SessionNotCreatedException: session not created: This version of ChromeDriver only supports Chrome version 85
Build info: version: '3.7.1', revision: '8a0099a', time: '2017-11-06T21:01:39.354Z'
System info: host: 'TANAJI-PC', ip: '192.168.225.25', os.name: 'Windows 7', os.arch: 'x86', os.version: '6.1', java.version: '1.8.0_45'
Driver info: driver.version: ChromeDriver
remote stacktrace: Backtrace:
	Ordinal0 [0x00F5D383+3134339]
	Ordinal0 [0x00E4A171+2007409]
	Ordinal0 [0x00CEAEE8+569064]
	Ordinal0 [0x00C7139F+70559]
	Ordinal0 [0x00C6CC63+52323]
	Ordinal0 [0x00C90DFC+200188]
	Ordinal0 [0x00C90C1D+199709]
	Ordinal0 [0x00C8EB0B+191243]
	Ordinal0 [0x00C72E77+77431]
	Ordinal0 [0x00C73E3E+81470]
	Ordinal0 [0x00C73DC9+81353]
	Ordinal0 [0x00E60CD9+2100441]
	GetHandleVerifier [0x010CB75A+1396954]
	GetHandleVerifier [0x010CB3D9+1396057]
	GetHandleVerifier [0x010D7126+1444518]
	GetHandleVerifier [0x010CBCE8+1398376]
	Ordinal0 [0x00E57F51+2064209]
	Ordinal0 [0x00E622EB+2106091]
	Ordinal0 [0x00E62411+2106385]
	Ordinal0 [0x00E749C4+2181572]
	BaseThreadInitThunk [0x75DCEF1C+18]
	RtlInitializeExceptionChain [0x777B3B53+239]
	RtlInitializeExceptionChain [0x777B3B26+194]

	at sun.reflect.NativeConstructorAccessorImpl.newInstance0(Native Method)
	at sun.reflect.NativeConstructorAccessorImpl.newInstance(Unknown Source)
	at sun.reflect.DelegatingConstructorAccessorImpl.newInstance(Unknown Source)
	at java.lang.reflect.Constructor.newInstance(Unknown Source)
	at org.openqa.selenium.remote.W3CHandshakeResponse.lambda$new$0(W3CHandshakeResponse.java:57)
	at org.openqa.selenium.remote.W3CHandshakeResponse$$Lambda$133/6788197.apply(Unknown Source)
	at org.openqa.selenium.remote.W3CHandshakeResponse.lambda$getResponseFunction$2(W3CHandshakeResponse.java:104)
	at org.openqa.selenium.remote.W3CHandshakeResponse$$Lambda$135/24182895.apply(Unknown Source)
	at org.openqa.selenium.remote.ProtocolHandshake.lambda$createSession$0(ProtocolHandshake.java:123)
	at org.openqa.selenium.remote.ProtocolHandshake$$Lambda$136/32661611.apply(Unknown Source)
	at java.util.stream.ReferencePipeline$3$1.accept(Unknown Source)
	at java.util.Spliterators$ArraySpliterator.tryAdvance(Unknown Source)
	at java.util.stream.ReferencePipeline.forEachWithCancel(Unknown Source)
	at java.util.stream.AbstractPipeline.copyIntoWithCancel(Unknown Source)
	at java.util.stream.AbstractPipeline.copyInto(Unknown Source)
	at java.util.stream.AbstractPipeline.wrapAndCopyInto(Unknown Source)
	at java.util.stream.FindOps$FindOp.evaluateSequential(Unknown Source)
	at java.util.stream.AbstractPipeline.evaluate(Unknown Source)
	at java.util.stream.ReferencePipeline.findFirst(Unknown Source)
	at org.openqa.selenium.remote.ProtocolHandshake.createSession(ProtocolHandshake.java:126)
	at org.openqa.selenium.remote.ProtocolHandshake.createSession(ProtocolHandshake.java:73)
	at org.openqa.selenium.remote.HttpCommandExecutor.execute(HttpCommandExecutor.java:142)
	at org.openqa.selenium.remote.service.DriverCommandExecutor.execute(DriverCommandExecutor.java:83)
	at org.openqa.selenium.remote.RemoteWebDriver.execute(RemoteWebDriver.java:600)
	at org.openqa.selenium.remote.RemoteWebDriver.startSession(RemoteWebDriver.java:219)
	at org.openqa.selenium.remote.RemoteWebDriver.<init>(RemoteWebDriver.java:142)
	at org.openqa.selenium.chrome.ChromeDriver.<init>(ChromeDriver.java:181)
	at org.openqa.selenium.chrome.ChromeDriver.<init>(ChromeDriver.java:168)
	at org.openqa.selenium.chrome.ChromeDriver.<init>(ChromeDriver.java:123)
	at com.qc.steps.LoginDefinition.setup_browser_and_launch_login_page(LoginDefinition.java:25)
	at ✽.Given Setup browser and launch login page(com/qc/feature/Login.feature:15)
</textarea></pre></td>
                                                    </tr>
                                                    <tr>
                                                        <td>Jun 1, 2021 09:20:17 AM</td>
                                                        <td class='linked' test-id='44'>To validate the queue codes login page.Validate error meaages for email & password with invalid credentials.Validate error meaages for email & password with invalid credentials.Given Setup browser and launch login page</td>
                                                        <td><pre><textarea>org.openqa.selenium.SessionNotCreatedException: session not created: This version of ChromeDriver only supports Chrome version 85
Build info: version: '3.7.1', revision: '8a0099a', time: '2017-11-06T21:01:39.354Z'
System info: host: 'TANAJI-PC', ip: '192.168.225.25', os.name: 'Windows 7', os.arch: 'x86', os.version: '6.1', java.version: '1.8.0_45'
Driver info: driver.version: ChromeDriver
remote stacktrace: Backtrace:
	Ordinal0 [0x00F5D383+3134339]
	Ordinal0 [0x00E4A171+2007409]
	Ordinal0 [0x00CEAEE8+569064]
	Ordinal0 [0x00C7139F+70559]
	Ordinal0 [0x00C6CC63+52323]
	Ordinal0 [0x00C90DFC+200188]
	Ordinal0 [0x00C90C1D+199709]
	Ordinal0 [0x00C8EB0B+191243]
	Ordinal0 [0x00C72E77+77431]
	Ordinal0 [0x00C73E3E+81470]
	Ordinal0 [0x00C73DC9+81353]
	Ordinal0 [0x00E60CD9+2100441]
	GetHandleVerifier [0x010CB75A+1396954]
	GetHandleVerifier [0x010CB3D9+1396057]
	GetHandleVerifier [0x010D7126+1444518]
	GetHandleVerifier [0x010CBCE8+1398376]
	Ordinal0 [0x00E57F51+2064209]
	Ordinal0 [0x00E622EB+2106091]
	Ordinal0 [0x00E62411+2106385]
	Ordinal0 [0x00E749C4+2181572]
	BaseThreadInitThunk [0x75DCEF1C+18]
	RtlInitializeExceptionChain [0x777B3B53+239]
	RtlInitializeExceptionChain [0x777B3B26+194]

	at sun.reflect.NativeConstructorAccessorImpl.newInstance0(Native Method)
	at sun.reflect.NativeConstructorAccessorImpl.newInstance(Unknown Source)
	at sun.reflect.DelegatingConstructorAccessorImpl.newInstance(Unknown Source)
	at java.lang.reflect.Constructor.newInstance(Unknown Source)
	at org.openqa.selenium.remote.W3CHandshakeResponse.lambda$new$0(W3CHandshakeResponse.java:57)
	at org.openqa.selenium.remote.W3CHandshakeResponse$$Lambda$133/6788197.apply(Unknown Source)
	at org.openqa.selenium.remote.W3CHandshakeResponse.lambda$getResponseFunction$2(W3CHandshakeResponse.java:104)
	at org.openqa.selenium.remote.W3CHandshakeResponse$$Lambda$135/24182895.apply(Unknown Source)
	at org.openqa.selenium.remote.ProtocolHandshake.lambda$createSession$0(ProtocolHandshake.java:123)
	at org.openqa.selenium.remote.ProtocolHandshake$$Lambda$136/32661611.apply(Unknown Source)
	at java.util.stream.ReferencePipeline$3$1.accept(Unknown Source)
	at java.util.Spliterators$ArraySpliterator.tryAdvance(Unknown Source)
	at java.util.stream.ReferencePipeline.forEachWithCancel(Unknown Source)
	at java.util.stream.AbstractPipeline.copyIntoWithCancel(Unknown Source)
	at java.util.stream.AbstractPipeline.copyInto(Unknown Source)
	at java.util.stream.AbstractPipeline.wrapAndCopyInto(Unknown Source)
	at java.util.stream.FindOps$FindOp.evaluateSequential(Unknown Source)
	at java.util.stream.AbstractPipeline.evaluate(Unknown Source)
	at java.util.stream.ReferencePipeline.findFirst(Unknown Source)
	at org.openqa.selenium.remote.ProtocolHandshake.createSession(ProtocolHandshake.java:126)
	at org.openqa.selenium.remote.ProtocolHandshake.createSession(ProtocolHandshake.java:73)
	at org.openqa.selenium.remote.HttpCommandExecutor.execute(HttpCommandExecutor.java:142)
	at org.openqa.selenium.remote.service.DriverCommandExecutor.execute(DriverCommandExecutor.java:83)
	at org.openqa.selenium.remote.RemoteWebDriver.execute(RemoteWebDriver.java:600)
	at org.openqa.selenium.remote.RemoteWebDriver.startSession(RemoteWebDriver.java:219)
	at org.openqa.selenium.remote.RemoteWebDriver.<init>(RemoteWebDriver.java:142)
	at org.openqa.selenium.chrome.ChromeDriver.<init>(ChromeDriver.java:181)
	at org.openqa.selenium.chrome.ChromeDriver.<init>(ChromeDriver.java:168)
	at org.openqa.selenium.chrome.ChromeDriver.<init>(ChromeDriver.java:123)
	at com.qc.steps.LoginDefinition.setup_browser_and_launch_login_page(LoginDefinition.java:25)
	at ✽.Given Setup browser and launch login page(com/qc/feature/Login.feature:15)
</textarea></pre></td>
                                                    </tr>
                                        </tbody>
                                    </table>
                                </div>
                            </div>
                        </li>
                </ul>
        </div>
    </div>

    <div class='subview-right left'>
        <div class='view-summary'>
            <h5 class='exception-name'></h5>
        </div>
    </div>
</div>
<!-- exception view -->
<div id='dashboard-view' class='view hide'>
	<div class='card-panel transparent np-v'>
		<h5>Dashboard</h5>

		<div class='row'>
			<div class='col s2'>
				<div class='card-panel r'>
					Features
					<div class='panel-lead'>1</div>
				</div>
			</div>
			<div class='col s2'>
				<div class='card-panel r'>
					Scenarios
					<div class='panel-lead'>6</div>
				</div>
			</div>
			<div class='col s2'>
				<div class='card-panel r'>
					Steps
					<div class='panel-lead'>42</div>
				</div>
			</div>
			<div class='col s2'>
				<div class='card-panel r'>
					Start
					<div class='panel-lead'>Jun 1, 2021 09:20:03 AM</div>
				</div>
			</div>
			<div class='col s2'>
				<div class='card-panel r'>
			 		End
			 		<div class='panel-lead'>Jun 1, 2021 09:20:19 AM</div>
				</div>
			</div>
			<div class='col s2'>
				<div class='card-panel r'>
					Time Taken
					<div class='panel-lead'>15,724ms</div>
				</div>
			</div>
			<div class='col s6'>
				<div class='card-panel dashboard-categories'>
					<span class='right label cyan white-text'>Categories</span><p>&nbsp;</p>
					
					<table>
						<tr>
							<th>Name</th>
							<th>Passed</th>
							<th>Failed</th>
							<th>Others</th>
							<th>Passed %</th>
						</tr>
						<tr>
							<td>@LoginPage</td>
							<td>0</td>
							<td>7</td>
							<td>0</td>
							<td>
									0%
							</td>
						</tr>
						<tr>
							<td>@InvalidData</td>
							<td>0</td>
							<td>6</td>
							<td>0</td>
							<td>
									0%
							</td>
						</tr>
					</table>
				</div>
			</div>
		</div>
	</div>
</div>
<!-- dashboard view -->
<!-- testrunner-logs view -->
		</div>
		<!-- container -->

		<script>
			var statusGroup = {
				passParent: 0,
				failParent: 1,
				fatalParent: 0,
				errorParent: 0,
				warningParent: 0,
				skipParent: 0,
				exceptionsParent: 1,
				
				passChild: 0,
				failChild: 6,
				fatalChild: 0,
				errorChild: 0,
				warningChild: 0,
				skipChild: 0,
				infoChild: 0,
				exceptionsChild: 6,
				
				passGrandChild: 0,
				failGrandChild: 6,
				fatalGrandChild: 0,
				errorGrandChild: 0,
				warningGrandChild: 0,
				skipGrandChild: 36,
				infoGrandChild: 0,
				exceptionsGrandChild: 42,
			};
		</script>
		
			<script src='https://cdn.rawgit.com/anshooarora/extentreports-java/fca20fb7653aade98810546ab96a2a4360e3e712/dist/js/extent.js' type='text/javascript'></script>
		
		
 		<script type='text/javascript'>
 		</script>
	</body>
	
</html>
